16:52:6:384
XMO
服务;XSDF;


16:52:46:918
XMO
Digiwin.ERP.MO.Business.Implement\Implement\DeleteMoRoutingService.cs;;
Digiwin.ERP.MO.Business\InterFace\IDeleteMoRoutingService.cs;;


16:53:39:330
XMO
Digiwin.ERP.MO.Business\InterFace\IBatchManualCompleteMoService.cs;;
Digiwin.ERP.MO.Business.Implement\Implement\BatchManualCompleteMoService.cs;;


16:56:8:790
XMO
Digiwin.ERP.MO.Business\InterFace\IBatchManualCompleteMoService.cs;;
Digiwin.ERP.MO.Business.Implement\Implement\BatchManualCompleteMoService.cs;;


17:7:58:974
XMO
Digiwin.ERP.MO.Business\InterFace\IGetMOManualCompleteService.cs;;


17:56:33:43
XMO
Digiwin.ERP.MO.UI.Implement\MenuItem\BatchManualComplete.cs;;
Digiwin.ERP.MO.UI.Implement\MenuItem\BatchManualComplete.designer.cs;;
Digiwin.ERP.MO.UI.Implement\MenuItem\BatchManualComplete.en-US.resx;;
Digiwin.ERP.MO.UI.Implement\MenuItem\BatchManualComplete.zh-CHT.resx;;
Digiwin.ERP.MO.UI.Implement\MenuItem\BatchManualComplete.resx;;


