10:55:1:222
XExtractBomFunctionWindowOpener


10:55:11:899
XExtractBomFunctionWindowOpener
UI.Implement\FunctionWindowOpener\ExtractBomService.cs;;
UI.Implement\FunctionWindowOpener\ExtractBomFunctionWindowOpener.Designer.cs;;
UI.Implement\FunctionWindowOpener\ExtractBomFunctionWindowOpener.cs;;


10:55:25:204
XExtractBomFunctionWindowOpener
UI.Implement\Entities\ExtractBomObject.cs;;
UI.Implement\Entities\FilterObject.cs;;


10:56:1:103
XExtractBomFunctionWindowOpener
UI.Implement\FunctionWindowOpener\ExtractBomFunctionWindowOpener.cs;;


10:59:6:838
XExtractBomFunctionWindowOpener
UI.Implement\FunctionWindowOpener\ExtractBomFunctionWindowOpener.cs;;


11:26:30:869
C:\DF_E10_3.0.0\C000637738(厦门慧扬)\WD_PR_C\SRC


11:26:52:184
XExtractBomFunctionWindowOpener


11:27:0:165
XExtractBomFunctionWindowOpener
UI.Implement\Entities\ExtractBomObject.cs;;


11:28:6:359
XExtractBomFunctionWindowOpener


11:28:17:143
XExtractBomFunctionWindowOpener
UI.Implement\FunctionWindowOpener\ExtractBomFunctionWindowOpener.cs;;


11:31:19:953
XExtractBomFunctionWindowOpener


11:31:27:117
XExtractBomFunctionWindowOpener
UI.Implement\FunctionWindowOpener\ExtractBomFunctionWindowOpener.cs;;


11:31:40:538
XExtractBomFunctionWindowOpener
UI.Implement\FunctionWindowOpener\ExtractBomFunctionWindowOpener.cs;;


11:35:0:412
XExtractBomFunctionWindowOpener
UI.Implement\FunctionWindowOpener\ExtractBomFunctionWindowOpener.cs;;


11:35:41:621
XExtractBomFunctionWindowOpener
UI.Implement\FunctionWindowOpener\ExtractBomFunctionWindowOpener.cs;;


11:44:12:659
XExtractBomFunctionWindowOpener
UI.Implement\FunctionWindowOpener\ExtractBomFunctionWindowOpener.cs;;


11:45:40:334
XExtractBomFunctionWindowOpener
UI.Implement\Entities\ExtractBomObject.cs;;


13:39:24:538
XExtractBomFunctionWindowOpener
UI.Implement\Entities\ExtractBomObject.cs;;
UI.Implement\Entities\FilterObject.cs;;
UI.Implement\FunctionWindowOpener\ExtractBomFunctionWindowOpener.Designer.cs;;
UI.Implement\FunctionWindowOpener\ExtractBomFunctionWindowOpener.cs;;
UI.Implement\FunctionWindowOpener\ExtractBomService.cs;;
Business.Implement\Implement\UtilityQueryService.cs;;
Business.Implement\Properties\AssemblyInfo.cs;;
Business\Interface\IUtilityQueryService.cs;;


13:40:21:196
XExtractBomFunctionWindowOpener
Business\Interface\IUtilityQueryService.cs;;
Business\Properties\AssemblyInfo.cs;;
Business.Implement\Implement\UtilityQueryService.cs;;
Business.Implement\Properties\AssemblyInfo.cs;;
Business.Implement\GlobalSuppressions.cs;;
UI.Implement\Entities\ExtractBomObject.cs;;
UI.Implement\Entities\FilterObject.cs;;
UI.Implement\FunctionWindowOpener\ExtractBomFunctionWindowOpener.cs;;
UI.Implement\FunctionWindowOpener\ExtractBomFunctionWindowOpener.Designer.cs;;
UI.Implement\FunctionWindowOpener\ExtractBomService.cs;;
UI.Implement\Properties\AssemblyInfo.cs;;
UI.Implement\Properties\Resources.Designer.cs;;


13:41:34:353
XExtractBomFunctionWindowOpener
Business\Interface\IUtilityQueryService.cs;;
Business\Properties\AssemblyInfo.cs;;
Business.Implement\Implement\UtilityQueryService.cs;;
Business.Implement\Properties\AssemblyInfo.cs;;
Business.Implement\GlobalSuppressions.cs;;
UI.Implement\Entities\ExtractBomObject.cs;;
UI.Implement\Entities\FilterObject.cs;;
UI.Implement\FunctionWindowOpener\ExtractBomFunctionWindowOpener.cs;;
UI.Implement\FunctionWindowOpener\ExtractBomFunctionWindowOpener.Designer.cs;;
UI.Implement\FunctionWindowOpener\ExtractBomService.cs;;
UI.Implement\Properties\AssemblyInfo.cs;;
UI.Implement\Properties\Resources.Designer.cs;;


13:46:22:7
XExtractBomFunctionWindowOpener
Business\Interface\IUtilityQueryService.cs;;
Business.Implement\Implement\UtilityQueryService.cs;;
UI.Implement\FunctionWindowOpener\ExtractBomFunctionWindowOpener.cs;;


13:48:58:226
XExtractBomFunctionWindowOpener


13:49:35:539
XExtractBomFunctionWindowOpener


13:50:3:285
XExtractBomFunctionWindowOpener


13:50:15:981
XExtractBomFunctionWindowOpener
Business\Interface\IUtilityQueryService.cs;;
Business.Implement\Implement\UtilityQueryService.cs;;


13:52:27:325
XExtractBomFunctionWindowOpener
Business\Interface\IUtilityQueryService.cs;;


13:54:16:910
XExtractBomFunctionWindowOpener
Business\Interface\IUtilityQueryService.cs;;
Business.Implement\Implement\UtilityQueryService.cs;;


13:56:1:827
XExtractBomFunctionWindowOpener
UI.Implement\FunctionWindowOpener\ExtractBomFunctionWindowOpener.cs;;
UI.Implement\FunctionWindowOpener\ExtractBomFunctionWindowOpener.Designer.cs;;
UI.Implement\FunctionWindowOpener\ExtractBomService.cs;;


14:0:43:929
XExtractBomFunctionWindowOpener
UI.Implement\FunctionWindowOpener\ExtractBomFunctionWindowOpener.cs;;
UI.Implement\FunctionWindowOpener\ExtractBomFunctionWindowOpener.Designer.cs;;
UI.Implement\FunctionWindowOpener\ExtractBomFunctionWindowOpener.en-US.resx;;
UI.Implement\FunctionWindowOpener\ExtractBomFunctionWindowOpener.zh-CHT.resx;;
UI.Implement\FunctionWindowOpener\ExtractBomFunctionWindowOpener.resx;;
UI.Implement\Entities\ExtractBomObject.cs;;
UI.Implement\Entities\FilterObject.cs;;
Business.Implement\Implement\UtilityQueryService.cs;;
Business\Interface\IUtilityQueryService.cs;;
Business\Properties\AssemblyInfo.cs;;
Business.Implement\Properties\AssemblyInfo.cs;;


14:8:42:910
XExtractBomFunctionWindowOpener
UI.Implement\FunctionWindowOpener\ExtractBomFunctionWindowOpener.cs;;
UI.Implement\FunctionWindowOpener\ExtractBomFunctionWindowOpener.Designer.cs;;
UI.Implement\FunctionWindowOpener\ExtractBomFunctionWindowOpener.en-US.resx;;
UI.Implement\FunctionWindowOpener\ExtractBomFunctionWindowOpener.resx;;
UI.Implement\FunctionWindowOpener\ExtractBomFunctionWindowOpener.zh-CHT.resx;;
UI.Implement\FunctionWindowOpener\ExtractBomService.cs;;


