9:49:51:421
XMO
服务;IKDKJDK;


9:49:54:36
XMO
服务;IKDKJDK;


11:21:27:135
XMO
Digiwin.ERP.MO.UI.Implement\MenuItem\ChangeDemandWindow.cs;;
Digiwin.ERP.MO.UI.Implement\MenuItem\ChangeDemandWindow.Designer.cs;;


11:27:19:555
XMO
服务;IMKMDM;


13:42:47:834
XMO
Digiwin.ERP.MO.UI.Implement\MenuItem\BatchManualComplete.cs;;
Digiwin.ERP.MO.UI.Implement\MenuItem\BatchManualComplete.designer.cs;;
Digiwin.ERP.MO.UI.Implement\MenuItem\BatchManualComplete.en-US.resx;;
Digiwin.ERP.MO.UI.Implement\MenuItem\BatchManualComplete.resx;;
Digiwin.ERP.MO.UI.Implement\MenuItem\BatchManualComplete.zh-CHT.resx;;


13:44:15:817
XMO
Digiwin.ERP.MO.UI.Implement\MenuItem\BatchManualComplete.cs;;
Digiwin.ERP.MO.UI.Implement\MenuItem\BatchManualComplete.designer.cs;;
Digiwin.ERP.MO.UI.Implement\MenuItem\BatchManualComplete.en-US.resx;;
Digiwin.ERP.MO.UI.Implement\MenuItem\BatchManualComplete.resx;;


13:45:0:728
XMO
Digiwin.ERP.MO.UI.Implement\MenuItem\BatchManualComplete.cs;;
Digiwin.ERP.MO.UI.Implement\MenuItem\BatchManualComplete.designer.cs;;
Digiwin.ERP.MO.UI.Implement\MenuItem\BatchManualComplete.en-US.resx;;
Digiwin.ERP.MO.UI.Implement\MenuItem\BatchManualComplete.zh-CHT.resx;;
Digiwin.ERP.MO.UI.Implement\MenuItem\BatchManualComplete.resx;;


13:51:42:871
XMO
Digiwin.ERP.MO.UI.Implement\MenuItem\BatchManualComplete.cs;;
Digiwin.ERP.MO.UI.Implement\MenuItem\BatchManualComplete.designer.cs;;
Digiwin.ERP.MO.UI.Implement\MenuItem\BatchManualComplete.en-US.resx;;
Digiwin.ERP.MO.UI.Implement\MenuItem\BatchManualComplete.resx;;
Digiwin.ERP.MO.UI.Implement\MenuItem\BatchManualComplete.zh-CHT.resx;;


