02:40:45:930

普通切片\IEditorView\Load;just;just


02:40:54:461
JUSTTEST
普通切片\IEditorView\Load;just;just


02:41:21:677
JUSTTEST
普通切片\IEditorView\Load;just;just


02:41:21:677
JUSTTEST
普通切片\IEditorView\Load;just;just


02:41:44:501
JUSTTEST
普通切片\IEditorView\Load;just;just


02:41:44:501
JUSTTEST
普通切片\IEditorView\Load;just;just


02:42:33:792
JUSTTEST
普通切片\IEditorView\Initialized;testt;te


02:42:33:792
JUSTTEST
普通切片\IEditorView\Initialized;testt;te


02:46:42:050
ASD
普通切片\IEditorView\Load;asd;asd


02:47:03:861
ASD
普通切片\IEditorView\Load;asd;asd


02:47:03:861
ASD
普通切片\IEditorView\Load;asd;asd


02:47:36:136
ASD
普通切片\IEditorView\Initialized;asd;asd


02:47:36:136
ASD
普通切片\IEditorView\Initialized;asd;asd


02:48:48:119
VSTEST
保存\ISaveServiceEvents\Completed;test;test


02:49:04:312
VSTEST
保存\ISaveServiceEvents\Completed;test;test


02:49:04:328
VSTEST
保存\ISaveServiceEvents\Completed;test;test


02:49:23:830
VSTEST
保存\ISaveServiceEvents\Excepting;ttt;ttt


02:49:23:830
VSTEST
保存\ISaveServiceEvents\Excepting;ttt;ttt


02:49:48:174
VSTEST
保存\ISaveServiceEvents\Excepting;ssss;sss


02:56:38:745
XMO_B900


