03:39:29:059



03:39:40:817
ZYC


03:39:47:243
ZYC


03:40:26:582
ZYC


03:42:19:039
12124


03:57:39:354



03:57:49:972
TTTSS


03:58:26:167
TTTAA


03:58:57:624
TTTAA


04:01:18:781
SSS


04:02:23:493
123123


04:03:32:153
123123


04:04:09:129
1SDF


04:27:47:877
FDGDFGX


04:28:17:078
TESTX


04:28:24:021
TESTX


04:28:26:578
TESTX


05:21:23:330
SGS


05:22:04:189
GHHSS


05:23:20:022
GJFGKJ


05:23:58:414
AFASFA


05:25:19:007
KJGHKG


05:26:10:425
KJGHKG


05:38:16:158
XCBYC


05:38:39:548
XCBYC


05:38:42:042
XCBYC


05:38:57:532
XCBYC


05:41:55:755
ZXVXZVZ


05:58:35:847



05:58:56:991



05:59:03:094
SAFASF


