_________________________________________________________________________________
    # CREATEDATE   2018-04-15 10:11:01:919
    # CREATEBY  CHUN
    # TYPEKEY  1

    # 服务\工具类 MyTools
    # 服务\工具类 ServiceTools
    # 服务\工具类 MyUITools
    # 常用切片\保存 CreateSaveInterceptor
    # 常用切片\审核 CreateApproveInterceptor
    # 常用切片\撤销审核 CreateIDisconfirmInterceptor
    # 常用切片\删除 CreateDeleteInterceptor
    # 常用切片\作废/生失效 CreateApproveStatusInterceptor
    # 常用功能\导出Excel ExportExcelCommand
    # 常用功能\导出Excel ExportExcelForm.Designer
    # 常用功能\导出Excel ExportExcelForm
    # 常用功能\导出Excel ExportExcelForm.zh-CHT
    # 常用功能\导出Excel ExportExcelForm
    # 常用功能\导出Excel Resources.Designer
    # 常用功能\导出Excel Resources
_________________________________________________________________________________

