03:34:43:973
XIMAGESPREVIEWWINDOWOPENER
UI.Implement\FunctionWindowOpener\ImagesPreviewWindowOpener.cs;;
UI.Implement\FunctionWindowOpener\ImagesPreviewWindowOpener.designer.cs;;
UI.Implement\FunctionWindowOpener\ImagesPreviewWindowOpener.en-US.resx;;
UI.Implement\FunctionWindowOpener\ImagesPreviewWindowOpener.resx;;
UI.Implement\FunctionWindowOpener\ImagesPreviewWindowOpener.zh-CHT.resx;;
UI.Implement\FunctionWindowOpener\UploadImageSelectForm.cs;;
UI.Implement\FunctionWindowOpener\UploadImageSelectForm.designer.cs;;
UI.Implement\FunctionWindowOpener\UploadImageSelectForm.en-US.resx;;
UI.Implement\FunctionWindowOpener\UploadImageSelectForm.resx;;
UI.Implement\FunctionWindowOpener\UploadImageSelectForm.zh-CHT.resx;;


03:35:02:379
XIMAGESPREVIEWWINDOWOPENER
UI.Implement\FunctionWindowOpener\ImagesPreviewWindowOpener.cs;;
UI.Implement\FunctionWindowOpener\ImagesPreviewWindowOpener.designer.cs;;
UI.Implement\FunctionWindowOpener\ImagesPreviewWindowOpener.en-US.resx;;
UI.Implement\FunctionWindowOpener\ImagesPreviewWindowOpener.resx;;
UI.Implement\FunctionWindowOpener\ImagesPreviewWindowOpener.zh-CHT.resx;;
UI.Implement\FunctionWindowOpener\UploadImageSelectForm.cs;;
UI.Implement\FunctionWindowOpener\UploadImageSelectForm.designer.cs;;
UI.Implement\FunctionWindowOpener\UploadImageSelectForm.en-US.resx;;
UI.Implement\FunctionWindowOpener\UploadImageSelectForm.resx;;
UI.Implement\FunctionWindowOpener\UploadImageSelectForm.zh-CHT.resx;;


03:35:08:766
XIMAGESPREVIEWWINDOWOPENER
UI.Implement\FunctionWindowOpener\ImagesPreviewWindowOpener.cs;;
UI.Implement\FunctionWindowOpener\ImagesPreviewWindowOpener.designer.cs;;
UI.Implement\FunctionWindowOpener\ImagesPreviewWindowOpener.en-US.resx;;
UI.Implement\FunctionWindowOpener\ImagesPreviewWindowOpener.resx;;
UI.Implement\FunctionWindowOpener\ImagesPreviewWindowOpener.zh-CHT.resx;;
UI.Implement\FunctionWindowOpener\UploadImageSelectForm.cs;;
UI.Implement\FunctionWindowOpener\UploadImageSelectForm.designer.cs;;
UI.Implement\FunctionWindowOpener\UploadImageSelectForm.en-US.resx;;
UI.Implement\FunctionWindowOpener\UploadImageSelectForm.resx;;
UI.Implement\FunctionWindowOpener\UploadImageSelectForm.zh-CHT.resx;;


03:35:15:159
XIMAGESPREVIEWWINDOWOPENER
UI.Implement\FunctionWindowOpener\ImagesPreviewWindowOpener.cs;;
UI.Implement\FunctionWindowOpener\ImagesPreviewWindowOpener.designer.cs;;
UI.Implement\FunctionWindowOpener\ImagesPreviewWindowOpener.en-US.resx;;
UI.Implement\FunctionWindowOpener\ImagesPreviewWindowOpener.resx;;
UI.Implement\FunctionWindowOpener\ImagesPreviewWindowOpener.zh-CHT.resx;;
UI.Implement\FunctionWindowOpener\UploadImageSelectForm.cs;;
UI.Implement\FunctionWindowOpener\UploadImageSelectForm.designer.cs;;
UI.Implement\FunctionWindowOpener\UploadImageSelectForm.en-US.resx;;
UI.Implement\FunctionWindowOpener\UploadImageSelectForm.resx;;
UI.Implement\FunctionWindowOpener\UploadImageSelectForm.zh-CHT.resx;;


03:36:07:197
XIMAGESPREVIEWWINDOWOPENER
UI.Implement\FunctionWindowOpener\ImagesPreviewWindowOpener.cs;;
UI.Implement\FunctionWindowOpener\ImagesPreviewWindowOpener.designer.cs;;
UI.Implement\FunctionWindowOpener\ImagesPreviewWindowOpener.en-US.resx;;
UI.Implement\FunctionWindowOpener\ImagesPreviewWindowOpener.resx;;
UI.Implement\FunctionWindowOpener\ImagesPreviewWindowOpener.zh-CHT.resx;;
UI.Implement\FunctionWindowOpener\UploadImageSelectForm.cs;;
UI.Implement\FunctionWindowOpener\UploadImageSelectForm.designer.cs;;
UI.Implement\FunctionWindowOpener\UploadImageSelectForm.en-US.resx;;
UI.Implement\FunctionWindowOpener\UploadImageSelectForm.resx;;
UI.Implement\FunctionWindowOpener\UploadImageSelectForm.zh-CHT.resx;;


03:45:59:166
XIMAGESPREVIEWWINDOWOPENER
UI.Implement\FunctionWindowOpener\ImagesPreviewWindowOpener.cs;;
UI.Implement\FunctionWindowOpener\ImagesPreviewWindowOpener.designer.cs;;
UI.Implement\FunctionWindowOpener\ImagesPreviewWindowOpener.en-US.resx;;
UI.Implement\FunctionWindowOpener\ImagesPreviewWindowOpener.resx;;
UI.Implement\FunctionWindowOpener\ImagesPreviewWindowOpener.zh-CHT.resx;;
UI.Implement\FunctionWindowOpener\UploadImageSelectForm.cs;;
UI.Implement\FunctionWindowOpener\UploadImageSelectForm.designer.cs;;
UI.Implement\FunctionWindowOpener\UploadImageSelectForm.en-US.resx;;
UI.Implement\FunctionWindowOpener\UploadImageSelectForm.resx;;
UI.Implement\FunctionWindowOpener\UploadImageSelectForm.zh-CHT.resx;;


