10:36:08:756
5345


10:37:28:049
5345


10:37:58:269
5345


10:38:23:265
5345


10:38:40:940
5345


10:40:55:575
442


10:48:15:848
1


10:49:07:781
1


10:52:09:078
1


10:52:40:090
1


10:54:40:555
1


10:56:17:988
1


10:56:22:219
1


10:56:36:986
1


10:57:45:916
1


10:59:19:770
1


11:00:38:584
1


11:10:09:926
1


12:09:17:210
2


02:44:49:633



02:44:57:126
123


02:53:21:062
1


02:55:03:644
2


02:56:41:741
1


02:58:12:507
3


03:02:42:442
5


03:03:52:243
555


03:07:03:335
1


03:08:17:312
1


03:09:30:904
1


03:14:31:511
11


03:15:22:742
1


03:18:48:026
1


03:19:42:827
1


03:23:44:704
1


04:21:39:666
1


04:22:29:332
1


04:25:14:922
1


04:27:37:464
1


04:28:28:963
1


05:06:27:462
1


05:07:43:661
1


05:09:50:411
1


05:30:14:593
1


05:30:59:024
1


05:31:13:159
1


05:32:49:400
XMO


05:36:25:675
XMO


05:37:46:996
XMO


05:38:27:237
XMO


05:39:41:667
XMO


05:40:16:906
XMO


05:44:17:808
XMO


05:44:33:418
XMO


05:51:06:054
XMM


05:51:26:124
1


05:52:33:826
1


05:53:53:636
1


05:55:20:587
1


05:56:47:122
1


05:59:39:353
1


06:02:09:999
MO


06:03:50:040
DOC


06:03:52:217
DOC


