_________________________________________________________________________________
    # CREATEDATE   2018-04-11 09:09:08:050
    # CREATEBY  H-08628
    # TYPEKEY  XYC01

    # 常用切片\普通批次 CreateFreeBatchService
    # 常用切片\保存 CreateSaveInterceptor
    # 常用切片\审核 CreateApproveInterceptor
_________________________________________________________________________________

_________________________________________________________________________________
    # CREATEDATE   2018-04-11 09:13:06:568
    # CREATEBY  H-08628
    # TYPEKEY  XYC02

    # 常用切片\普通批次 CreateFreeBatchService
_________________________________________________________________________________

_________________________________________________________________________________
    # CREATEDATE   2018-04-12 09:25:35:408
    # CREATEBY  H-08628
    # TYPEKEY  XTRANSACTION_DOC

    # 服务\工具类 
    # 服务\工具类 
    # 服务\工具类 
_________________________________________________________________________________

_________________________________________________________________________________
    # CREATEDATE   2018-04-12 09:26:57:361
    # CREATEBY  H-08628
    # TYPEKEY  XTRANSACTION_DOC

    # 服务\工具类 
    # 服务\工具类 
    # 服务\工具类 
_________________________________________________________________________________

