_________________________________________________________________________________
    # CREATEDATE   2018-04-09 10:56:41:397
    # CREATEBY  H-08628
    # TYPEKEY  JUSTTEXT

    # 常用功能\导出Excel 
    # 常用功能\导出Excel 
    # 常用功能\导出Excel 
    # 常用功能\导出Excel 
    # 常用功能\导出Excel 
_________________________________________________________________________________

_________________________________________________________________________________
    # CREATEDATE   2018-04-09 10:59:02:909
    # CREATEBY  H-08628
    # TYPEKEY  TYT

    # 常用功能\导出Excel 
    # 常用功能\导出Excel 
    # 常用功能\导出Excel 
    # 常用功能\导出Excel 
    # 常用功能\导出Excel 
_________________________________________________________________________________

_________________________________________________________________________________
    # CREATEDATE   2018-04-09 11:02:58:433
    # CREATEBY  H-08628
    # TYPEKEY  GGH

_________________________________________________________________________________

_________________________________________________________________________________
    # CREATEDATE   2018-04-09 11:04:21:564
    # CREATEBY  H-08628
    # TYPEKEY  GGH

    # 常用切片\普通批次 CreateFreeBatchService
_________________________________________________________________________________

_________________________________________________________________________________
    # CREATEDATE   2018-04-09 11:08:29:619
    # CREATEBY  H-08628
    # TYPEKEY  123351355

    # 常用切片\普通批次 CreateFreeBatchService
    # 常用切片\保存 CreateSaveService
    # 常用切片\审核 CreateConfirmService
    # 常用切片\数据跟踪 CreateDataEntityChanged
_________________________________________________________________________________

_________________________________________________________________________________
    # CREATEDATE   2018-04-09 11:09:53:748
    # CREATEBY  H-08628
    # TYPEKEY  WHAT

    # 常用切片\普通批次 CreateFreeBatchService
    # 常用切片\保存 CreateSaveService
    # 常用切片\审核 CreateConfirmService
    # 常用切片\校验 CreateValidator
    # 常用切片\数据跟踪 CreateDataEntityChanged
    # 常用功能\导出Excel 
    # 常用功能\导出Excel 
    # 常用功能\导出Excel 
    # 常用功能\导出Excel 
    # 常用功能\导出Excel 
    # 常用功能\向下填充 CreateLowFill
_________________________________________________________________________________

_________________________________________________________________________________
    # CREATEDATE   2018-04-09 12:39:09:274
    # CREATEBY  H-08628
    # TYPEKEY  TESTMO

    # 常用切片\普通批次 CreateFreeBatchService
    # 常用切片\保存 CreateSaveService
    # 常用切片\审核 CreateConfirmService
    # 常用切片\校验 CreateValidator
    # 常用切片\数据跟踪 CreateDataEntityChanged
    # 常用切片\菜单 CreateEditControllerCommand
_________________________________________________________________________________

_________________________________________________________________________________
    # CREATEDATE   2018-04-13 11:28:21:925
    # CREATEBY  H-08628
    # TYPEKEY  YCTEST

    # 服务\工具类 
    # 服务\工具类 
    # 服务\工具类 
    # 常用切片\普通批次 CreateFreeBatchService
_________________________________________________________________________________

_________________________________________________________________________________
    # CREATEDATE   2018-04-13 12:02:14:755
    # CREATEBY  H-08628
    # TYPEKEY  YCTEST

    # 服务\工具类 
    # 服务\工具类 
    # 服务\工具类 
_________________________________________________________________________________

_________________________________________________________________________________
    # CREATEDATE   2018-04-13 12:02:41:474
    # CREATEBY  H-08628
    # TYPEKEY  YCTEST

    # 服务\工具类 
    # 服务\工具类 
    # 服务\工具类 
    # 常用切片\普通批次 CreateFreeBatchService
_________________________________________________________________________________

_________________________________________________________________________________
    # CREATEDATE   2018-04-13 12:03:06:086
    # CREATEBY  H-08628
    # TYPEKEY  YCTEST

    # 服务\工具类 
    # 服务\工具类 
    # 服务\工具类 
    # 常用切片\普通批次 CreateFreeBatchService
_________________________________________________________________________________

_________________________________________________________________________________
    # CREATEDATE   2018-04-13 12:04:16:086
    # CREATEBY  H-08628
    # TYPEKEY  YCTEST

    # 服务\工具类 
    # 服务\工具类 
    # 服务\工具类 
    # 常用切片\普通批次 CreateFreeBatchService
_________________________________________________________________________________

_________________________________________________________________________________
    # CREATEDATE   2018-04-13 12:06:35:249
    # CREATEBY  H-08628
    # TYPEKEY  YCTEST

    # 服务\工具类 
    # 服务\工具类 
    # 服务\工具类 
    # 常用切片\普通批次 CreateFreeBatchService
_________________________________________________________________________________

_________________________________________________________________________________
    # CREATEDATE   2018-04-13 12:07:59:066
    # CREATEBY  H-08628
    # TYPEKEY  XBBC

    # 服务\工具类 
    # 服务\工具类 
    # 服务\工具类 
    # 常用切片\普通批次 CreateFreeBatchService
_________________________________________________________________________________

_________________________________________________________________________________
    # CREATEDATE   2018-04-13 12:09:39:643
    # CREATEBY  H-08628
    # TYPEKEY  XBBC

    # 服务\工具类 
    # 服务\工具类 
    # 服务\工具类 
    # 常用切片\保存 CreateSaveInterceptor
_________________________________________________________________________________

_________________________________________________________________________________
    # CREATEDATE   2018-04-13 12:22:42:686
    # CREATEBY  H-08628
    # TYPEKEY  XBBC

    # 服务\工具类 
    # 服务\工具类 
    # 服务\工具类 
    # 常用切片\普通批次 CreateFreeBatchService
    # 常用切片\保存 CreateSaveInterceptor
    # 常用切片\撤销审核 CreateIDisconfirmInterceptor
    # 常用切片\删除 CreateDeleteInterceptor
_________________________________________________________________________________

_________________________________________________________________________________
    # CREATEDATE   2018-04-13 03:08:43:670
    # CREATEBY  H-08628
    # TYPEKEY  XYCUTO01

    # 服务\工具类 
    # 服务\工具类 
    # 服务\工具类 
    # 常用切片\向导式批次 
    # 常用切片\向导式批次 
    # 常用切片\保存 CreateSaveInterceptor
    # 常用切片\审核 CreateApproveInterceptor
    # 常用切片\撤销审核 CreateIDisconfirmInterceptor
    # 常用切片\删除 CreateDeleteInterceptor
    # 常用切片\作废/生失效 CreateApproveStatusInterceptor
_________________________________________________________________________________

_________________________________________________________________________________
    # CREATEDATE   2018-04-13 03:13:10:131
    # CREATEBY  H-08628
    # TYPEKEY  XYCUTO01

    # 服务\工具类 
    # 服务\工具类 
    # 服务\工具类 
    # 常用功能\导出Excel 
    # 常用功能\导出Excel 
    # 常用功能\导出Excel 
    # 常用功能\导出Excel 
    # 常用功能\导出Excel 
    # 常用功能\导出Excel 
    # 常用功能\导出Excel 
_________________________________________________________________________________

