_________________________________________________________________________________
    # CREATEDATE   2018-04-12 09:27:48:650
    # CREATEBY  H-08628
    # TYPEKEY  XTRANSACTION_DOC

    # 服务\工具类 
    # 服务\工具类 
    # 服务\工具类 
_________________________________________________________________________________

_________________________________________________________________________________
    # CREATEDATE   2018-04-12 09:36:31:453
    # CREATEBY  H-08628
    # TYPEKEY  XTRANSACTION_DOC

    # 服务\工具类 
    # 服务\工具类 
    # 服务\工具类 
_________________________________________________________________________________

_________________________________________________________________________________
    # CREATEDATE   2018-04-12 09:38:25:077
    # CREATEBY  H-08628
    # TYPEKEY  XTRANSACTION_DOC

    # 常用切片\菜单 CreateEditControllerCommand
_________________________________________________________________________________

_________________________________________________________________________________
    # CREATEDATE   2018-04-12 09:48:42:964
    # CREATEBY  H-08628
    # TYPEKEY  XTRANSACTION_DOC

    # 服务\搭建框架 
    # 服务\搭建框架 
_________________________________________________________________________________

