___________________________________________________PCInfo___________________________________________________
#CPUinfo:
      #CpuCount#      1
      #Manufacturer0#      
      #CpuName0#      Intel(R) Core(TM) i7-7700K CPU @ 4.20GHz
      #Speed#      
#OSinfo:
      #OSName0#      Microsoft Windows 10 教育版|C:\WINDOWS|\Device\Harddisk2\Partition1
      #OSVersion0#      10.0.17115
      #WinverInfo#      Microsoft Windows NT 6.2.9200.0
      #CurrentDomain#      CHUN
#NetWorkInfo:
      #Description#      Intel(R) Ethernet Connection (2) I219-V
      #IpAddress0#      192.168.31.54
      #MacAddress0#      60:45:CB:7F:8C:31
      #Description#      VirtualBox Host-Only Ethernet Adapter #7
      #IpAddress1#      192.168.56.1
      #MacAddress1#      0A:00:27:00:00:06
      #Description#      VirtualBox Host-Only Ethernet Adapter #8
      #IpAddress2#      192.168.166.2
      #MacAddress2#      0A:00:27:00:00:10
#MemoryInfo:
      #Manufacturer0#      Kingston
      #Size0#      8G
      #Speed0#      2400MHz
#MainBoardInfo:
      #Manufacturer0#      ASUSTeK COMPUTER INC.
      #Product0#      PRIME Z270-A
      #SerialNumber0#      170294975300442
      #Version0#      Rev 1.xx
#DiskDriveInfo:
      #Model0#      TOSHIBA MQ01ABD100
      #SerialNumber0#                 52IDSO9ZS
      #Size0#      932GB
      #UsedSpace0#      GB
      #FreeSpace0#      GB
      #Model1#      TOSHIBA Q300.
      #SerialNumber1#      16DB340KK1MU
      #Size1#      224GB
      #UsedSpace1#      GB
      #FreeSpace1#      GB
      #Model2#      ST500LM012 HN-M500MBB
      #SerialNumber2#      S2RSJ9KD191958
      #Size2#      466GB
      #UsedSpace2#      GB
      #FreeSpace2#      GB
___________________________________________________PCInfo___________________________________________________

___________________________________________________OperationMsg___________________________________________________
      #OperationTime#      2018-06-02 12:42:712
      #OperationUser#      CHUN
      #WinUser#      a2863
      InsertToolInfo OpenCreateE10PrDesignerID Error! Detail:超时时间已到。超时时间已到，但是尚未从池中获取连接。出现这种情况可能是因为所有池连接均在使用，并且达到了最大池大小。
___________________________________________________OperationMsg___________________________________________________

___________________________________________________OperationMsg___________________________________________________
      #OperationTime#      2018-06-02 12:42:736
      #OperationUser#      CHUN
      #WinUser#      a2863
      InsertToolInfo OpenCreateSeraphim.KanoMatrixID Error! Detail:超时时间已到。超时时间已到，但是尚未从池中获取连接。出现这种情况可能是因为所有池连接均在使用，并且达到了最大池大小。
___________________________________________________OperationMsg___________________________________________________

___________________________________________________OperationMsg___________________________________________________
      #OperationTime#      2018-06-02 12:42:443
      #OperationUser#      CHUN
      #WinUser#      a2863
      InsertToolInfo OpenCreateE10_SwitchID Error! Detail:超时时间已到。超时时间已到，但是尚未从池中获取连接。出现这种情况可能是因为所有池连接均在使用，并且达到了最大池大小。
___________________________________________________OperationMsg___________________________________________________

___________________________________________________OperationMsg___________________________________________________
      #OperationTime#      2018-06-02 12:42:343
      #OperationUser#      CHUN
      #WinUser#      a2863
      InsertToolInfo OpenCreateE10_SearchSourceID Error! Detail:超时时间已到。超时时间已到，但是尚未从池中获取连接。出现这种情况可能是因为所有池连接均在使用，并且达到了最大池大小。
___________________________________________________OperationMsg___________________________________________________

___________________________________________________OperationMsg___________________________________________________
      #OperationTime#      2018-06-02 12:42:825
      #OperationUser#      CHUN
      #WinUser#      a2863
      InsertToolInfo OpenCreateGUID_SHOWID Error! Detail:在与 SQL Server 建立连接时出现与网络相关的或特定于实例的错误。未找到或无法访问服务器。请验证实例名称是否正确并且 SQL Server 已配置为允许远程连接。 (provider: Named Pipes Provider, error: 40 - 无法打开到 SQL Server 的连接)
___________________________________________________OperationMsg___________________________________________________

___________________________________________________OperationMsg___________________________________________________
      #OperationTime#      2018-06-02 12:42:839
      #OperationUser#      CHUN
      #WinUser#      a2863
      InsertToolInfo OpenCreate综合查询工具ID Error! Detail:在与 SQL Server 建立连接时出现与网络相关的或特定于实例的错误。未找到或无法访问服务器。请验证实例名称是否正确并且 SQL Server 已配置为允许远程连接。 (provider: Named Pipes Provider, error: 40 - 无法打开到 SQL Server 的连接)
___________________________________________________OperationMsg___________________________________________________

___________________________________________________OperationMsg___________________________________________________
      #OperationTime#      2018-06-02 12:42:867
      #OperationUser#      CHUN
      #WinUser#      a2863
      InsertToolInfo OpenCreateworkdayID Error! Detail:在与 SQL Server 建立连接时出现与网络相关的或特定于实例的错误。未找到或无法访问服务器。请验证实例名称是否正确并且 SQL Server 已配置为允许远程连接。 (provider: Named Pipes Provider, error: 40 - 无法打开到 SQL Server 的连接)
___________________________________________________OperationMsg___________________________________________________

___________________________________________________OperationMsg___________________________________________________
      #OperationTime#      2018-06-02 11:42:155
      #OperationUser#      CHUN
      #WinUser#      a2863
      InsertToolInfo Error! Detail:在与 SQL Server 建立连接时出现与网络相关的或特定于实例的错误。未找到或无法访问服务器。请验证实例名称是否正确并且 SQL Server 已配置为允许远程连接。 (provider: Named Pipes Provider, error: 40 - 无法打开到 SQL Server 的连接)
___________________________________________________OperationMsg___________________________________________________

