___________________________________________________PCInfo___________________________________________________
      #CpuCount#      1
      #Description#      Intel(R) Ethernet Connection (2) I219-V
      #IpAddress0#      192.168.31.54
      #MacAddress0#      60:45:CB:7F:8C:31
      #Description#      VirtualBox Host-Only Ethernet Adapter #7
      #IpAddress1#      192.168.56.1
      #MacAddress1#      0A:00:27:00:00:06
      #Description#      VirtualBox Host-Only Ethernet Adapter #8
      #IpAddress2#      192.168.166.2
      #MacAddress2#      0A:00:27:00:00:10
      #OSName0#      Microsoft Windows 10 教育版|C:\WINDOWS|\Device\Harddisk2\Partition1
      #OSVersion0#      10.0.17115
      #WinverInfo#      Microsoft Windows NT 6.2.9200.0
      #CurrentDomain#      CHUN
      #Model0#      TOSHIBA MQ01ABD100
      #SerialNumber0#                 52IDSO9ZS
      #Size0#      931.510956287384M
      #Model1#      TOSHIBA Q300.
      #SerialNumber1#      16DB340KK1MU
      #Size1#      223.568451404572M
      #Model2#      ST500LM012 HN-M500MBB
      #SerialNumber2#      S2RSJ9KD191958
      #Size2#      465.759308338165M
___________________________________________________PCInfo___________________________________________________
___________________________________________________OperationMsg___________________________________________________
      #OperationTime#      2018-04-26 10:55:769
      #OperationUser#      CHUN
      #WinUser#      a2863
      InsertToolInfo btncopydll_Click Error! Detail:在与 SQL Server 建立连接时出现与网络相关的或特定于实例的错误。未找到或无法访问服务器。请验证实例名称是否正确并且 SQL Server 已配置为允许远程连接。 (provider: Named Pipes Provider, error: 40 - 无法打开到 SQL Server 的连接)
___________________________________________________OperationMsg___________________________________________________

___________________________________________________OperationMsg___________________________________________________
      #OperationTime#      2018-04-26 10:55:785
      #OperationUser#      CHUN
      #WinUser#      a2863
      InsertToolInfo Error! Detail:在与 SQL Server 建立连接时出现与网络相关的或特定于实例的错误。未找到或无法访问服务器。请验证实例名称是否正确并且 SQL Server 已配置为允许远程连接。 (provider: Named Pipes Provider, error: 40 - 无法打开到 SQL Server 的连接)
___________________________________________________OperationMsg___________________________________________________

___________________________________________________OperationMsg___________________________________________________
      #OperationTime#      2018-04-26 10:55:801
      #OperationUser#      CHUN
      #WinUser#      a2863
      InsertToolInfo Error! Detail:在与 SQL Server 建立连接时出现与网络相关的或特定于实例的错误。未找到或无法访问服务器。请验证实例名称是否正确并且 SQL Server 已配置为允许远程连接。 (provider: Named Pipes Provider, error: 40 - 无法打开到 SQL Server 的连接)
___________________________________________________OperationMsg___________________________________________________

