___________________________________________________PCInfo___________________________________________________
#CPUinfo:
      #CpuCount#      1
      #Manufacturer0#      
      #CpuName0#      Intel(R) Core(TM) i5-4460  CPU @ 3.20GHz
      #Speed#      
#OSinfo:
      #OSName0#      Microsoft Windows 10 Education Insider Preview|C:\WINDOWS|\Device\Harddisk0\Partition1
      #OSVersion0#      10.0.17063
      #WinverInfo#      Microsoft Windows NT 6.2.9200.0
      #CurrentDomain#      H-08628
#NetWorkInfo:
      #Description#      VirtualBox Host-Only Ethernet Adapter
      #IpAddress0#      169.254.158.83
      #MacAddress0#      0A:00:27:00:00:09
      #Description#      VirtualBox Host-Only Ethernet Adapter #2
      #IpAddress1#      192.168.12.2
      #MacAddress1#      0A:00:27:00:00:10
      #Description#      Realtek PCIe GBE Family Controller
      #IpAddress2#      192.168.11.124
      #MacAddress2#      1C:87:2C:58:1C:49
#MemoryInfo:
      #Manufacturer0#      Kingston
      #Size0#      8G
      #Speed0#      1600MHz
#MainBoardInfo:
      #Manufacturer0#      ASUSTeK COMPUTER INC.
      #Product0#      B85M-E R2.0
      #SerialNumber0#      150544730500110
      #Version0#      Rev X.0x
#DiskDriveInfo:
      #Model0#      WDC WD10EZEX-21M2NA0
      #SerialNumber0#              WCC3F0RNA461
      #Size0#      932GB
      #UsedSpace0#      GB
      #FreeSpace0#      GB
      #Model1#      PLEXTOR PX-128M6S
      #SerialNumber1#      P02522109891
      #Size1#      119GB
      #UsedSpace1#      GB
      #FreeSpace1#      GB
___________________________________________________PCInfo___________________________________________________

___________________________________________________OperationMsg___________________________________________________
      #OperationTime#      2018-06-01 05:31:286
      #OperationUser#      H-08628
      #WinUser#      zychu
      GenerFile Error ! Detail 路径的形式不合法。
___________________________________________________OperationMsg___________________________________________________

___________________________________________________OperationMsg___________________________________________________
      #OperationTime#      2018-06-01 05:31:226
      #OperationUser#      H-08628
      #WinUser#      zychu
      GenerFile Error ! Detail 路径的形式不合法。
___________________________________________________OperationMsg___________________________________________________

___________________________________________________OperationMsg___________________________________________________
      #OperationTime#      2018-06-01 11:17:600
      #OperationUser#      CHUN
      #WinUser#      a2863
      InsertToolInfo CopyClientdll_Click Error! Detail:超时时间已到。超时时间已到，但是尚未从池中获取连接。出现这种情况可能是因为所有池连接均在使用，并且达到了最大池大小。
___________________________________________________OperationMsg___________________________________________________

___________________________________________________OperationMsg___________________________________________________
      #OperationTime#      2018-06-01 11:25:039
      #OperationUser#      CHUN
      #WinUser#      a2863
      InsertToolInfo CallDigiwin.Chun.Views.InsertForm Error! Detail:在与 SQL Server 建立连接时出现与网络相关的或特定于实例的错误。未找到或无法访问服务器。请验证实例名称是否正确并且 SQL Server 已配置为允许远程连接。 (provider: Named Pipes Provider, error: 40 - 无法打开到 SQL Server 的连接)
___________________________________________________OperationMsg___________________________________________________

