___________________________________________________PCInfo___________________________________________________
#CPUinfo:
      #CpuCount#      1
      #Manufacturer0#      
      #CpuName0#      Intel(R) Core(TM) i5-4460  CPU @ 3.20GHz
      #Speed#      
#OSinfo:
      #OSName0#      Microsoft Windows 10 Education Insider Preview|C:\WINDOWS|\Device\Harddisk0\Partition1
      #OSVersion0#      10.0.17063
      #WinverInfo#      Microsoft Windows NT 6.2.9200.0
      #CurrentDomain#      H-08628
#NetWorkInfo:
      #Description#      VirtualBox Host-Only Ethernet Adapter
      #IpAddress0#      169.254.158.83
      #MacAddress0#      0A:00:27:00:00:09
      #Description#      VirtualBox Host-Only Ethernet Adapter #2
      #IpAddress1#      192.168.12.2
      #MacAddress1#      0A:00:27:00:00:10
      #Description#      Realtek PCIe GBE Family Controller
      #IpAddress2#      192.168.11.124
      #MacAddress2#      1C:87:2C:58:1C:49
#MemoryInfo:
      #Manufacturer0#      Kingston
      #Size0#      8G
      #Speed0#      1600MHz
#MainBoardInfo:
      #Manufacturer0#      ASUSTeK COMPUTER INC.
      #Product0#      B85M-E R2.0
      #SerialNumber0#      150544730500110
      #Version0#      Rev X.0x
#DiskDriveInfo:
      #Model0#      WDC WD10EZEX-21M2NA0
      #SerialNumber0#              WCC3F0RNA461
      #Size0#      932GB
      #UsedSpace0#      GB
      #FreeSpace0#      GB
      #Model1#      PLEXTOR PX-128M6S
      #SerialNumber1#      P02522109891
      #Size1#      119GB
      #UsedSpace1#      GB
      #FreeSpace1#      GB
___________________________________________________PCInfo___________________________________________________

___________________________________________________OperationMsg___________________________________________________
      #OperationTime#      2018-05-28 12:06:892
      #OperationUser#      H-08628
      #WinUser#      zychu
      CopyAllPkg Error! Detail 未能找到路径“E:\DF_E10_5.0.0\TEST\WD_PR_C\SRC\Digiwin.ERP.XECN”的一部分。
___________________________________________________OperationMsg___________________________________________________

___________________________________________________OperationMsg___________________________________________________
      #OperationTime#      2018-05-28 12:12:848
      #OperationUser#      H-08628
      #WinUser#      zychu
      CopyAllPkg Error! Detail 未能找到路径“E:\DF_E10_5.0.0\TEST\WD_PR_C\SRC\Digiwin.ERP.XECB”的一部分。
___________________________________________________OperationMsg___________________________________________________

___________________________________________________OperationMsg___________________________________________________
      #OperationTime#      2018-05-28 12:39:752
      #OperationUser#      H-08628
      #WinUser#      zychu
      CopyAllPkg Error! Detail 未能找到路径“E:\DF_E10_5.0.0\TEST\WD_PR_C\SRC\Digiwin.ERP.XECN”的一部分。
___________________________________________________OperationMsg___________________________________________________

___________________________________________________OperationMsg___________________________________________________
      #OperationTime#      2018-05-28 12:39:836
      #OperationUser#      H-08628
      #WinUser#      zychu
      InsertToolInfo Error! Detail:执行超时已过期。完成操作之前已超时或服务器未响应。 
___________________________________________________OperationMsg___________________________________________________

___________________________________________________OperationMsg___________________________________________________
      #OperationTime#      2018-05-28 01:26:801
      #OperationUser#      H-08628
      #WinUser#      zychu
      CopyAllPkg Error! Detail 未能找到路径“E:\DF_E10_5.0.0\TEST\WD_PR_C\SRC\Digiwin.ERP.XECN1”的一部分。
___________________________________________________OperationMsg___________________________________________________

___________________________________________________OperationMsg___________________________________________________
      #OperationTime#      2018-05-28 01:27:313
      #OperationUser#      H-08628
      #WinUser#      zychu
      CopyAllPkg Error! Detail 未能找到路径“E:\DF_E10_5.0.0\TEST\WD_PR_C\SRC\Digiwin.ERP.XECN1”的一部分。
___________________________________________________OperationMsg___________________________________________________

___________________________________________________OperationMsg___________________________________________________
      #OperationTime#      2018-05-28 01:27:533
      #OperationUser#      H-08628
      #WinUser#      zychu
      CopyAllPkg Error! Detail 未能找到路径“E:\DF_E10_5.0.0\TEST\WD_PR_C\SRC\Digiwin.ERP.XECN1”的一部分。
___________________________________________________OperationMsg___________________________________________________

___________________________________________________OperationMsg___________________________________________________
      #OperationTime#      2018-05-28 01:31:962
      #OperationUser#      H-08628
      #WinUser#      zychu
      CopyAllPkg Error! Detail 未能找到路径“E:\DF_E10_5.0.0\TEST\WD_PR_C\SRC\Digiwin.ERP.XGL_SUB_LEDGER”的一部分。
___________________________________________________OperationMsg___________________________________________________

